0 info it worked if it ends with ok
1 verbose cli [ '/usr/local/Cellar/node/4.2.1/bin/node',
1 verbose cli   '/usr/local/bin/npm',
1 verbose cli   'start' ]
2 info using npm@3.10.7
3 info using node@v5.6.0
4 verbose run-script [ 'prestart', 'start', 'poststart' ]
5 info lifecycle roundup-cart@0.0.1~prestart: roundup-cart@0.0.1
6 silly lifecycle roundup-cart@0.0.1~prestart: no script for prestart, continuing
7 info lifecycle roundup-cart@0.0.1~start: roundup-cart@0.0.1
8 verbose lifecycle roundup-cart@0.0.1~start: unsafe-perm in lifecycle true
9 verbose lifecycle roundup-cart@0.0.1~start: PATH: /usr/local/lib/node_modules/npm/bin/node-gyp-bin:/Users/mlynn/Documents/SEPIA/cartling/manual/roundup-cart/node_modules/.bin:/usr/local/Cellar/node/4.2.1/bin:/usr/local/git/bin:/sw/bin/:/usr/local/bin:/usr/local/:/usr/local/sbin:/usr/local/mysql/bin:/usr/local/bin:/usr/bin:/bin:/usr/sbin:/sbin:/usr/local/bin/
10 verbose lifecycle roundup-cart@0.0.1~start: CWD: /Users/mlynn/Documents/SEPIA/cartling/manual/roundup-cart
11 silly lifecycle roundup-cart@0.0.1~start: Args: [ '-c', 'node ./bin/www' ]
12 silly lifecycle roundup-cart@0.0.1~start: Returned: code: 1  signal: null
13 info lifecycle roundup-cart@0.0.1~start: Failed to exec start script
14 verbose stack Error: roundup-cart@0.0.1 start: `node ./bin/www`
14 verbose stack Exit status 1
14 verbose stack     at EventEmitter.<anonymous> (/usr/local/lib/node_modules/npm/lib/utils/lifecycle.js:255:16)
14 verbose stack     at emitTwo (events.js:100:13)
14 verbose stack     at EventEmitter.emit (events.js:185:7)
14 verbose stack     at ChildProcess.<anonymous> (/usr/local/lib/node_modules/npm/lib/utils/spawn.js:40:14)
14 verbose stack     at emitTwo (events.js:100:13)
14 verbose stack     at ChildProcess.emit (events.js:185:7)
14 verbose stack     at maybeClose (internal/child_process.js:827:16)
14 verbose stack     at Process.ChildProcess._handle.onexit (internal/child_process.js:211:5)
15 verbose pkgid roundup-cart@0.0.1
16 verbose cwd /Users/mlynn/Documents/SEPIA/cartling/manual/roundup-cart
17 error Darwin 16.0.0
18 error argv "/usr/local/Cellar/node/4.2.1/bin/node" "/usr/local/bin/npm" "start"
19 error node v5.6.0
20 error npm  v3.10.7
21 error code ELIFECYCLE
22 error roundup-cart@0.0.1 start: `node ./bin/www`
22 error Exit status 1
23 error Failed at the roundup-cart@0.0.1 start script 'node ./bin/www'.
23 error Make sure you have the latest version of node.js and npm installed.
23 error If you do, this is most likely a problem with the roundup-cart package,
23 error not with npm itself.
23 error Tell the author that this fails on your system:
23 error     node ./bin/www
23 error You can get information on how to open an issue for this project with:
23 error     npm bugs roundup-cart
23 error Or if that isn't available, you can get their info via:
23 error     npm owner ls roundup-cart
23 error There is likely additional logging output above.
24 verbose exit [ 1, true ]
